<?xml version="1.0" encoding="UTF-8"?>
<!-- Generated by org.testng.reporters.JUnitXMLReporter -->
<testsuite hostname="DESKTOP-JF602DO" ignored="5" name="Test" tests="1" failures="1" timestamp="17 May 2020 17:13:54 GMT" time="17.867" errors="0">
  <testcase name="@AfterMethod getResult" time="0.098" classname="Utility.Base">
    <failure type="java.lang.RuntimeException" message="Unexpected result for screenshot command: com.google.common.collect.Maps$TransformedEntriesMap instance">
      <![CDATA[java.lang.RuntimeException: Unexpected result for screenshot command: com.google.common.collect.Maps$TransformedEntriesMap instance
	at org.openqa.selenium.remote.RemoteWebDriver.getScreenshotAs(RemoteWebDriver.java:344)
	at Utility.CommonActions.GetScreenshot(CommonActions.java:39)
	at Utility.Base.getResult(Base.java:86)
... Removed 26 stack frames]]>
    </failure>
  </testcase> <!-- @AfterMethod getResult -->
  <testcase name="TC01" time="3.948" classname="FuntionalTestCases.Sprint_1">
    <failure type="java.lang.AssertionError" message="expected [false] but found [true]">
      <![CDATA[java.lang.AssertionError: expected [false] but found [true]
	at FuntionalTestCases.Sprint_1.TC01(Sprint_1.java:37)
... Removed 28 stack frames]]>
    </failure>
  </testcase> <!-- TC01 -->
  <testcase name="TC05" time="0.0" classname="FuntionalTestCases.Sprint_1">
    <ignored/>
  </testcase> <!-- TC05 -->
  <testcase name="TC04" time="0.0" classname="FuntionalTestCases.Sprint_1">
    <ignored/>
  </testcase> <!-- TC04 -->
  <testcase name="TC03" time="0.0" classname="FuntionalTestCases.Sprint_1">
    <ignored/>
  </testcase> <!-- TC03 -->
  <testcase name="TC02" time="0.0" classname="FuntionalTestCases.Sprint_1">
    <ignored/>
  </testcase> <!-- TC02 -->
  <testcase name="TC06" time="0.0" classname="FuntionalTestCases.Sprint_1">
    <ignored/>
  </testcase> <!-- TC06 -->
</testsuite> <!-- Test -->
