<?xml version="1.0" encoding="UTF-8"?>
<!-- Generated by org.testng.reporters.JUnitXMLReporter -->
<testsuite hostname="DESKTOP-JF602DO" ignored="5" name="Test" tests="1" failures="0" timestamp="04 Jun 2020 19:17:02 GMT" time="0.001" errors="0">
  <testcase name="@BeforeSuite startReport" time="0.0" classname="Utility.Base">
    <failure type="java.lang.NoClassDefFoundError" message="org/apache/poi/ss/usermodel/Workbook">
      <![CDATA[java.lang.NoClassDefFoundError: org/apache/poi/ss/usermodel/Workbook
	at Utility.Base.startReport(Base.java:38)
Caused by: java.lang.ClassNotFoundException: org.apache.poi.ss.usermodel.Workbook
	at java.net.URLClassLoader.findClass(Unknown Source)
	at java.lang.ClassLoader.loadClass(Unknown Source)
	at sun.misc.Launcher$AppClassLoader.loadClass(Unknown Source)
	at java.lang.ClassLoader.loadClass(Unknown Source)
	... 19 more
... Removed 18 stack frames]]>
    </failure>
  </testcase> <!-- @BeforeSuite startReport -->
  <testcase name="@BeforeMethod LaunchBrowser" time="0.0" classname="Utility.Base">
    <skipped/>
  </testcase> <!-- @BeforeMethod LaunchBrowser -->
  <testcase name="@AfterMethod CloseBrowser" time="0.0" classname="Utility.Base">
    <skipped/>
  </testcase> <!-- @AfterMethod CloseBrowser -->
  <testcase name="@AfterMethod getResult" time="0.0" classname="Utility.Base">
    <skipped/>
  </testcase> <!-- @AfterMethod getResult -->
  <testcase name="TC04" time="0.0" classname="FuntionalTestCases.Sprint_1">
    <skipped/>
  </testcase> <!-- TC04 -->
  <testcase name="TC01" time="0.0" classname="FuntionalTestCases.Sprint_1">
    <ignored/>
  </testcase> <!-- TC01 -->
  <testcase name="TC05" time="0.0" classname="FuntionalTestCases.Sprint_1">
    <ignored/>
  </testcase> <!-- TC05 -->
  <testcase name="TC03" time="0.0" classname="FuntionalTestCases.Sprint_1">
    <ignored/>
  </testcase> <!-- TC03 -->
  <testcase name="TC02" time="0.0" classname="FuntionalTestCases.Sprint_1">
    <ignored/>
  </testcase> <!-- TC02 -->
  <testcase name="TC06" time="0.0" classname="FuntionalTestCases.Sprint_1">
    <ignored/>
  </testcase> <!-- TC06 -->
</testsuite> <!-- Test -->
